<?xml version="1.0" encoding="UTF-8"?>
<testsuite name="SheepTests" tests="1" skipped="0" failures="0" errors="0" timestamp="2025-03-05T20:22:10" hostname="NICKNOTE" time="0.005">
  <properties/>
  <testcase name="testSolution" classname="SheepTests" time="0.005"/>
  <system-out><![CDATA[]]></system-out>
  <system-err><![CDATA[]]></system-err>
</testsuite>
