<?xml version="1.0" encoding="UTF-8"?>
<testsuite name="WordCutterTests" tests="1" skipped="0" failures="0" errors="0" timestamp="2025-03-29T21:52:42" hostname="NICKNOTE" time="0.002">
  <properties/>
  <testcase name="testSolution" classname="WordCutterTests" time="0.002"/>
  <system-out><![CDATA[]]></system-out>
  <system-err><![CDATA[]]></system-err>
</testsuite>
